<?xml version="1.0" encoding="UTF-8"?>
<testsuite xmlns:xsi="http://www.w3.org/2001/XMLSchema-instance" xsi:noNamespaceSchemaLocation="https://maven.apache.org/surefire/maven-surefire-plugin/xsd/surefire-test-report-3.0.xsd" version="3.0" name="com.example.jobs.JobsApplicationTests" time="9.924" tests="1" errors="0" skipped="0" failures="0">
  <properties>
[...]
</properties>
  <testcase name="contextLoads" classname="com.example.jobs.JobsApplicationTests" time="0.42">
    <system-out><![CDATA[23:48:59.464 [main] INFO org.springframework.test.context.support.AnnotationConfigContextLoaderUtils -- Could not detect default configuration classes for test class [com.example.jobs.JobsApplicationTests]: JobsApplicationTests does not declare any static, non-private, non-final, nested classes annotated with @Configuration.
23:48:59.568 [main] INFO org.springframework.boot.test.context.SpringBootTestContextBootstrapper -- Found @SpringBootConfiguration com.example.jobs.JobsApplication for test class com.example.jobs.JobsApplicationTests

  .   ____          _            __ _ _
 /\\ / ___'_ __ _ _(_)_ __  __ _ \ \ \ \
( ( )\___ | '_ | '_| | '_ \/ _` | \ \ \ \
 \\/  ___)| |_)| | | | | || (_| |  ) ) ) )
  '  |____| .__|_| |_|_| |_\__, | / / / /
 =========|_|==============|___/=/_/_/_/

 :: Spring Boot ::                (v3.3.4)

2024-09-22T23:49:00.049+03:00  INFO 20520 --- [jobs] [           main] com.example.jobs.JobsApplicationTests    : Starting JobsApplicationTests using Java 17.0.12 with PID 20520 (started by I in D:\java projects\jobs)
2024-09-22T23:49:00.051+03:00  INFO 20520 --- [jobs] [           main] com.example.jobs.JobsApplicationTests    : No active profile set, falling back to 1 default profile: "default"
2024-09-22T23:49:00.838+03:00  INFO 20520 --- [jobs] [           main] .s.d.r.c.RepositoryConfigurationDelegate : Bootstrapping Spring Data JPA repositories in DEFAULT mode.
2024-09-22T23:49:00.921+03:00  INFO 20520 --- [jobs] [           main] .s.d.r.c.RepositoryConfigurationDelegate : Finished Spring Data repository scanning in 66 ms. Found 2 JPA repository interfaces.
2024-09-22T23:49:01.445+03:00  INFO 20520 --- [jobs] [           main] o.hibernate.jpa.internal.util.LogHelper  : HHH000204: Processing PersistenceUnitInfo [name: default]
2024-09-22T23:49:01.509+03:00  INFO 20520 --- [jobs] [           main] org.hibernate.Version                    : HHH000412: Hibernate ORM core version 6.5.3.Final
2024-09-22T23:49:01.554+03:00  INFO 20520 --- [jobs] [           main] o.h.c.internal.RegionFactoryInitiator    : HHH000026: Second-level cache disabled
2024-09-22T23:49:01.959+03:00  INFO 20520 --- [jobs] [           main] o.s.o.j.p.SpringPersistenceUnitInfo      : No LoadTimeWeaver setup: ignoring JPA class transformer
2024-09-22T23:49:02.019+03:00  INFO 20520 --- [jobs] [           main] com.zaxxer.hikari.HikariDataSource       : HikariPool-1 - Starting...
2024-09-22T23:49:03.613+03:00  INFO 20520 --- [jobs] [           main] com.zaxxer.hikari.pool.HikariPool        : HikariPool-1 - Added connection org.postgresql.jdbc.PgConnection@75cacb3e
2024-09-22T23:49:03.615+03:00  INFO 20520 --- [jobs] [           main] com.zaxxer.hikari.HikariDataSource       : HikariPool-1 - Start completed.
2024-09-22T23:49:03.856+03:00  WARN 20520 --- [jobs] [           main] org.hibernate.orm.deprecation            : HHH90000025: PostgreSQLDialect does not need to be specified explicitly using 'hibernate.dialect' (remove the property setting and it will be selected by default)
2024-09-22T23:49:05.108+03:00  INFO 20520 --- [jobs] [           main] o.h.e.t.j.p.i.JtaPlatformInitiator       : HHH000489: No JTA platform available (set 'hibernate.transaction.jta.platform' to enable JTA platform integration)
2024-09-22T23:49:07.513+03:00  INFO 20520 --- [jobs] [           main] j.LocalContainerEntityManagerFactoryBean : Initialized JPA EntityManagerFactory for persistence unit 'default'
2024-09-22T23:49:08.027+03:00  WARN 20520 --- [jobs] [           main] JpaBaseConfiguration$JpaWebConfiguration : spring.jpa.open-in-view is enabled by default. Therefore, database queries may be performed during view rendering. Explicitly configure spring.jpa.open-in-view to disable this warning
2024-09-22T23:49:08.063+03:00  INFO 20520 --- [jobs] [           main] r$InitializeUserDetailsManagerConfigurer : Global AuthenticationManager configured with UserDetailsService bean with name customUserDetailsService
2024-09-22T23:49:08.399+03:00 DEBUG 20520 --- [jobs] [           main] o.s.s.web.DefaultSecurityFilterChain     : Will secure any request with filters: DisableEncodeUrlFilter, WebAsyncManagerIntegrationFilter, SecurityContextHolderFilter, HeaderWriterFilter, LogoutFilter, UsernamePasswordAuthenticationFilter, RequestCacheAwareFilter, SecurityContextHolderAwareRequestFilter, AnonymousAuthenticationFilter, ExceptionTranslationFilter, AuthorizationFilter
2024-09-22T23:49:08.780+03:00  INFO 20520 --- [jobs] [           main] com.example.jobs.JobsApplicationTests    : Started JobsApplicationTests in 9.032 seconds (process running for 10.099)
]]></system-out>
  </testcase>
</testsuite>